Change Component Designator: OldDesignator=C2_S0 NewDesignator=C2_0
Change Component Designator: OldDesignator=C2_S1 NewDesignator=C2_1
Change Component Designator: OldDesignator=C2_S2 NewDesignator=C2_2
Change Component Designator: OldDesignator=C2_S3 NewDesignator=C2_3
Change Component Designator: OldDesignator=C2_S4 NewDesignator=C2_4
Change Component Designator: OldDesignator=C2_S5 NewDesignator=C2_5
Change Component Designator: OldDesignator=C2_S6 NewDesignator=C2_6
Change Component Designator: OldDesignator=C2_S7 NewDesignator=C2_7
Change Component Designator: OldDesignator=C2_S8 NewDesignator=C2_8
Change Component Designator: OldDesignator=C2_S9 NewDesignator=C2_9
Change Component Designator: OldDesignator=C3_S0 NewDesignator=C3_0
Change Component Designator: OldDesignator=C3_S1 NewDesignator=C3_1
Change Component Designator: OldDesignator=C3_S2 NewDesignator=C3_2
Change Component Designator: OldDesignator=C3_S3 NewDesignator=C3_3
Change Component Designator: OldDesignator=C3_S4 NewDesignator=C3_4
Change Component Designator: OldDesignator=C3_S5 NewDesignator=C3_5
Change Component Designator: OldDesignator=C3_S6 NewDesignator=C3_6
Change Component Designator: OldDesignator=C3_S7 NewDesignator=C3_7
Change Component Designator: OldDesignator=C3_S8 NewDesignator=C3_8
Change Component Designator: OldDesignator=C3_S9 NewDesignator=C3_9
Change Component Designator: OldDesignator=C4_S0 NewDesignator=C4_0
Change Component Designator: OldDesignator=C4_S1 NewDesignator=C4_1
Change Component Designator: OldDesignator=C4_S2 NewDesignator=C4_2
Change Component Designator: OldDesignator=C4_S3 NewDesignator=C4_3
Change Component Designator: OldDesignator=C4_S4 NewDesignator=C4_4
Change Component Designator: OldDesignator=C4_S5 NewDesignator=C4_5
Change Component Designator: OldDesignator=C4_S6 NewDesignator=C4_6
Change Component Designator: OldDesignator=C4_S7 NewDesignator=C4_7
Change Component Designator: OldDesignator=C4_S8 NewDesignator=C4_8
Change Component Designator: OldDesignator=C4_S9 NewDesignator=C4_9
Change Component Designator: OldDesignator=C5_S0 NewDesignator=C5_0
Change Component Designator: OldDesignator=C5_S1 NewDesignator=C5_1
Change Component Designator: OldDesignator=C5_S2 NewDesignator=C5_2
Change Component Designator: OldDesignator=C5_S3 NewDesignator=C5_3
Change Component Designator: OldDesignator=C5_S4 NewDesignator=C5_4
Change Component Designator: OldDesignator=C5_S5 NewDesignator=C5_5
Change Component Designator: OldDesignator=C5_S6 NewDesignator=C5_6
Change Component Designator: OldDesignator=C5_S7 NewDesignator=C5_7
Change Component Designator: OldDesignator=C5_S8 NewDesignator=C5_8
Change Component Designator: OldDesignator=C5_S9 NewDesignator=C5_9
Change Component Designator: OldDesignator=C6_S0 NewDesignator=C6_0
Change Component Designator: OldDesignator=C6_S1 NewDesignator=C6_1
Change Component Designator: OldDesignator=C6_S2 NewDesignator=C6_2
Change Component Designator: OldDesignator=C6_S3 NewDesignator=C6_3
Change Component Designator: OldDesignator=C6_S4 NewDesignator=C6_4
Change Component Designator: OldDesignator=C6_S5 NewDesignator=C6_5
Change Component Designator: OldDesignator=C6_S6 NewDesignator=C6_6
Change Component Designator: OldDesignator=C6_S7 NewDesignator=C6_7
Change Component Designator: OldDesignator=C6_S8 NewDesignator=C6_8
Change Component Designator: OldDesignator=C6_S9 NewDesignator=C6_9
Change Component Designator: OldDesignator=D2_S0 NewDesignator=D2_0
Change Component Designator: OldDesignator=D2_S1 NewDesignator=D2_1
Change Component Designator: OldDesignator=D2_S2 NewDesignator=D2_2
Change Component Designator: OldDesignator=D2_S3 NewDesignator=D2_3
Change Component Designator: OldDesignator=D2_S4 NewDesignator=D2_4
Change Component Designator: OldDesignator=D2_S5 NewDesignator=D2_5
Change Component Designator: OldDesignator=D2_S6 NewDesignator=D2_6
Change Component Designator: OldDesignator=D2_S7 NewDesignator=D2_7
Change Component Designator: OldDesignator=D2_S8 NewDesignator=D2_8
Change Component Designator: OldDesignator=D2_S9 NewDesignator=D2_9
Change Component Designator: OldDesignator=D3_S0 NewDesignator=D3_0
Change Component Designator: OldDesignator=D3_S1 NewDesignator=D3_1
Change Component Designator: OldDesignator=D3_S2 NewDesignator=D3_2
Change Component Designator: OldDesignator=D3_S3 NewDesignator=D3_3
Change Component Designator: OldDesignator=D3_S4 NewDesignator=D3_4
Change Component Designator: OldDesignator=D3_S5 NewDesignator=D3_5
Change Component Designator: OldDesignator=D3_S6 NewDesignator=D3_6
Change Component Designator: OldDesignator=D3_S7 NewDesignator=D3_7
Change Component Designator: OldDesignator=D3_S8 NewDesignator=D3_8
Change Component Designator: OldDesignator=D3_S9 NewDesignator=D3_9
Change Component Designator: OldDesignator=D4_S0 NewDesignator=D4_0
Change Component Designator: OldDesignator=D4_S1 NewDesignator=D4_1
Change Component Designator: OldDesignator=D4_S2 NewDesignator=D4_2
Change Component Designator: OldDesignator=D4_S3 NewDesignator=D4_3
Change Component Designator: OldDesignator=D4_S4 NewDesignator=D4_4
Change Component Designator: OldDesignator=D4_S5 NewDesignator=D4_5
Change Component Designator: OldDesignator=D4_S6 NewDesignator=D4_6
Change Component Designator: OldDesignator=D4_S7 NewDesignator=D4_7
Change Component Designator: OldDesignator=D4_S8 NewDesignator=D4_8
Change Component Designator: OldDesignator=D4_S9 NewDesignator=D4_9
Change Component Designator: OldDesignator=D5_S0 NewDesignator=D5_0
Change Component Designator: OldDesignator=D5_S1 NewDesignator=D5_1
Change Component Designator: OldDesignator=D5_S2 NewDesignator=D5_2
Change Component Designator: OldDesignator=D5_S3 NewDesignator=D5_3
Change Component Designator: OldDesignator=D5_S4 NewDesignator=D5_4
Change Component Designator: OldDesignator=D5_S5 NewDesignator=D5_5
Change Component Designator: OldDesignator=D5_S6 NewDesignator=D5_6
Change Component Designator: OldDesignator=D5_S7 NewDesignator=D5_7
Change Component Designator: OldDesignator=D5_S8 NewDesignator=D5_8
Change Component Designator: OldDesignator=D5_S9 NewDesignator=D5_9
Change Component Designator: OldDesignator=D6_S0 NewDesignator=D6_0
Change Component Designator: OldDesignator=D6_S1 NewDesignator=D6_1
Change Component Designator: OldDesignator=D6_S2 NewDesignator=D6_2
Change Component Designator: OldDesignator=D6_S3 NewDesignator=D6_3
Change Component Designator: OldDesignator=D6_S4 NewDesignator=D6_4
Change Component Designator: OldDesignator=D6_S5 NewDesignator=D6_5
Change Component Designator: OldDesignator=D6_S6 NewDesignator=D6_6
Change Component Designator: OldDesignator=D6_S7 NewDesignator=D6_7
Change Component Designator: OldDesignator=D6_S8 NewDesignator=D6_8
Change Component Designator: OldDesignator=D6_S9 NewDesignator=D6_9
Change Net Name : Old Net Name=RGB-IN_S1 New Net Name=RGB-IN_1
Change Net Name : Old Net Name=RGB-IN_S2 New Net Name=RGB-IN_2
Change Net Name : Old Net Name=RGB-IN_S3 New Net Name=RGB-IN_3
Change Net Name : Old Net Name=RGB-IN_S4 New Net Name=RGB-IN_4
Change Net Name : Old Net Name=RGB-IN_S5 New Net Name=RGB-IN_5
Change Net Name : Old Net Name=RGB-IN_S6 New Net Name=RGB-IN_6
Change Net Name : Old Net Name=RGB-IN_S7 New Net Name=RGB-IN_7
Change Net Name : Old Net Name=RGB-IN_S8 New Net Name=RGB-IN_8
Change Net Name : Old Net Name=RGB-IN_S9 New Net Name=RGB-IN_9
Change Net Name : Old Net Name=RGB-OUT_S9 New Net Name=RGB-OUT_9
Change Class Name : Old Net Name=S0 New Net Name=0
Change Class Name : Old Net Name=S1 New Net Name=1
Change Class Name : Old Net Name=S2 New Net Name=2
Change Class Name : Old Net Name=S3 New Net Name=3
Change Class Name : Old Net Name=S4 New Net Name=4
Change Class Name : Old Net Name=S5 New Net Name=5
Change Class Name : Old Net Name=S6 New Net Name=6
Change Class Name : Old Net Name=S7 New Net Name=7
Change Class Name : Old Net Name=S8 New Net Name=8
Change Class Name : Old Net Name=S9 New Net Name=9
