Change Component Designator: OldDesignator=C? NewDesignator=C1
Change Component Designator: OldDesignator=C?_Segment-0 NewDesignator=C2_Segment-0
Change Component Designator: OldDesignator=C?_Segment-0 NewDesignator=C3_Segment-0
Change Component Designator: OldDesignator=C?_Segment-0 NewDesignator=C4_Segment-0
Change Component Designator: OldDesignator=C?_Segment-0 NewDesignator=C5_Segment-0
Change Component Designator: OldDesignator=C?_Segment-0 NewDesignator=C6_Segment-0
Change Component Designator: OldDesignator=C?_Segment-1 NewDesignator=C2_Segment-1
Change Component Designator: OldDesignator=C?_Segment-1 NewDesignator=C3_Segment-1
Change Component Designator: OldDesignator=C?_Segment-1 NewDesignator=C4_Segment-1
Change Component Designator: OldDesignator=C?_Segment-1 NewDesignator=C5_Segment-1
Change Component Designator: OldDesignator=C?_Segment-1 NewDesignator=C6_Segment-1
Change Component Designator: OldDesignator=C?_Segment-2 NewDesignator=C2_Segment-2
Change Component Designator: OldDesignator=C?_Segment-2 NewDesignator=C3_Segment-2
Change Component Designator: OldDesignator=C?_Segment-2 NewDesignator=C4_Segment-2
Change Component Designator: OldDesignator=C?_Segment-2 NewDesignator=C5_Segment-2
Change Component Designator: OldDesignator=C?_Segment-2 NewDesignator=C6_Segment-2
Change Component Designator: OldDesignator=C?_Segment-3 NewDesignator=C2_Segment-3
Change Component Designator: OldDesignator=C?_Segment-3 NewDesignator=C3_Segment-3
Change Component Designator: OldDesignator=C?_Segment-3 NewDesignator=C4_Segment-3
Change Component Designator: OldDesignator=C?_Segment-3 NewDesignator=C5_Segment-3
Change Component Designator: OldDesignator=C?_Segment-3 NewDesignator=C6_Segment-3
Change Component Designator: OldDesignator=C?_Segment-4 NewDesignator=C2_Segment-4
Change Component Designator: OldDesignator=C?_Segment-4 NewDesignator=C3_Segment-4
Change Component Designator: OldDesignator=C?_Segment-4 NewDesignator=C4_Segment-4
Change Component Designator: OldDesignator=C?_Segment-4 NewDesignator=C5_Segment-4
Change Component Designator: OldDesignator=C?_Segment-4 NewDesignator=C6_Segment-4
Change Component Designator: OldDesignator=C?_Segment-5 NewDesignator=C2_Segment-5
Change Component Designator: OldDesignator=C?_Segment-5 NewDesignator=C3_Segment-5
Change Component Designator: OldDesignator=C?_Segment-5 NewDesignator=C4_Segment-5
Change Component Designator: OldDesignator=C?_Segment-5 NewDesignator=C5_Segment-5
Change Component Designator: OldDesignator=C?_Segment-5 NewDesignator=C6_Segment-5
Change Component Designator: OldDesignator=C?_Segment-6 NewDesignator=C2_Segment-6
Change Component Designator: OldDesignator=C?_Segment-6 NewDesignator=C3_Segment-6
Change Component Designator: OldDesignator=C?_Segment-6 NewDesignator=C4_Segment-6
Change Component Designator: OldDesignator=C?_Segment-6 NewDesignator=C5_Segment-6
Change Component Designator: OldDesignator=C?_Segment-6 NewDesignator=C6_Segment-6
Change Component Designator: OldDesignator=C?_Segment-7 NewDesignator=C2_Segment-7
Change Component Designator: OldDesignator=C?_Segment-7 NewDesignator=C3_Segment-7
Change Component Designator: OldDesignator=C?_Segment-7 NewDesignator=C4_Segment-7
Change Component Designator: OldDesignator=C?_Segment-7 NewDesignator=C5_Segment-7
Change Component Designator: OldDesignator=C?_Segment-7 NewDesignator=C6_Segment-7
Change Component Designator: OldDesignator=C?_Segment-8 NewDesignator=C2_Segment-8
Change Component Designator: OldDesignator=C?_Segment-8 NewDesignator=C3_Segment-8
Change Component Designator: OldDesignator=C?_Segment-8 NewDesignator=C4_Segment-8
Change Component Designator: OldDesignator=C?_Segment-8 NewDesignator=C5_Segment-8
Change Component Designator: OldDesignator=C?_Segment-8 NewDesignator=C6_Segment-8
Change Component Designator: OldDesignator=C?_Segment-9 NewDesignator=C2_Segment-9
Change Component Designator: OldDesignator=C?_Segment-9 NewDesignator=C3_Segment-9
Change Component Designator: OldDesignator=C?_Segment-9 NewDesignator=C4_Segment-9
Change Component Designator: OldDesignator=C?_Segment-9 NewDesignator=C5_Segment-9
Change Component Designator: OldDesignator=C?_Segment-9 NewDesignator=C6_Segment-9
Change Component Designator: OldDesignator=C?_Segment-' NewDesignator=C2_Segment-'
Change Component Designator: OldDesignator=C?_Segment-' NewDesignator=C3_Segment-'
Change Component Designator: OldDesignator=C?_Segment-' NewDesignator=C4_Segment-'
Change Component Designator: OldDesignator=C?_Segment-' NewDesignator=C5_Segment-'
Change Component Designator: OldDesignator=C?_Segment-' NewDesignator=C6_Segment-'
Change Component Designator: OldDesignator=C?_Segment-. NewDesignator=C2_Segment-.
Change Component Designator: OldDesignator=C?_Segment-. NewDesignator=C3_Segment-.
Change Component Designator: OldDesignator=C?_Segment-. NewDesignator=C4_Segment-.
Change Component Designator: OldDesignator=C?_Segment-. NewDesignator=C5_Segment-.
Change Component Designator: OldDesignator=C?_Segment-. NewDesignator=C6_Segment-.
Change Component Designator: OldDesignator=D? NewDesignator=D1
Change Component Designator: OldDesignator=D?_Segment-0 NewDesignator=D2_Segment-0
Change Component Designator: OldDesignator=D?_Segment-0 NewDesignator=D3_Segment-0
Change Component Designator: OldDesignator=D?_Segment-0 NewDesignator=D4_Segment-0
Change Component Designator: OldDesignator=D?_Segment-0 NewDesignator=D5_Segment-0
Change Component Designator: OldDesignator=D?_Segment-0 NewDesignator=D6_Segment-0
Change Component Designator: OldDesignator=D?_Segment-1 NewDesignator=D2_Segment-1
Change Component Designator: OldDesignator=D?_Segment-1 NewDesignator=D3_Segment-1
Change Component Designator: OldDesignator=D?_Segment-1 NewDesignator=D4_Segment-1
Change Component Designator: OldDesignator=D?_Segment-1 NewDesignator=D5_Segment-1
Change Component Designator: OldDesignator=D?_Segment-1 NewDesignator=D6_Segment-1
Change Component Designator: OldDesignator=D?_Segment-2 NewDesignator=D2_Segment-2
Change Component Designator: OldDesignator=D?_Segment-2 NewDesignator=D3_Segment-2
Change Component Designator: OldDesignator=D?_Segment-2 NewDesignator=D4_Segment-2
Change Component Designator: OldDesignator=D?_Segment-2 NewDesignator=D5_Segment-2
Change Component Designator: OldDesignator=D?_Segment-2 NewDesignator=D6_Segment-2
Change Component Designator: OldDesignator=D?_Segment-3 NewDesignator=D2_Segment-3
Change Component Designator: OldDesignator=D?_Segment-3 NewDesignator=D3_Segment-3
Change Component Designator: OldDesignator=D?_Segment-3 NewDesignator=D4_Segment-3
Change Component Designator: OldDesignator=D?_Segment-3 NewDesignator=D5_Segment-3
Change Component Designator: OldDesignator=D?_Segment-3 NewDesignator=D6_Segment-3
Change Component Designator: OldDesignator=D?_Segment-4 NewDesignator=D2_Segment-4
Change Component Designator: OldDesignator=D?_Segment-4 NewDesignator=D3_Segment-4
Change Component Designator: OldDesignator=D?_Segment-4 NewDesignator=D4_Segment-4
Change Component Designator: OldDesignator=D?_Segment-4 NewDesignator=D5_Segment-4
Change Component Designator: OldDesignator=D?_Segment-4 NewDesignator=D6_Segment-4
Change Component Designator: OldDesignator=D?_Segment-5 NewDesignator=D2_Segment-5
Change Component Designator: OldDesignator=D?_Segment-5 NewDesignator=D3_Segment-5
Change Component Designator: OldDesignator=D?_Segment-5 NewDesignator=D4_Segment-5
Change Component Designator: OldDesignator=D?_Segment-5 NewDesignator=D5_Segment-5
Change Component Designator: OldDesignator=D?_Segment-5 NewDesignator=D6_Segment-5
Change Component Designator: OldDesignator=D?_Segment-6 NewDesignator=D2_Segment-6
Change Component Designator: OldDesignator=D?_Segment-6 NewDesignator=D3_Segment-6
Change Component Designator: OldDesignator=D?_Segment-6 NewDesignator=D4_Segment-6
Change Component Designator: OldDesignator=D?_Segment-6 NewDesignator=D5_Segment-6
Change Component Designator: OldDesignator=D?_Segment-6 NewDesignator=D6_Segment-6
Change Component Designator: OldDesignator=D?_Segment-7 NewDesignator=D2_Segment-7
Change Component Designator: OldDesignator=D?_Segment-7 NewDesignator=D3_Segment-7
Change Component Designator: OldDesignator=D?_Segment-7 NewDesignator=D4_Segment-7
Change Component Designator: OldDesignator=D?_Segment-7 NewDesignator=D5_Segment-7
Change Component Designator: OldDesignator=D?_Segment-7 NewDesignator=D6_Segment-7
Change Component Designator: OldDesignator=D?_Segment-8 NewDesignator=D2_Segment-8
Change Component Designator: OldDesignator=D?_Segment-8 NewDesignator=D3_Segment-8
Change Component Designator: OldDesignator=D?_Segment-8 NewDesignator=D4_Segment-8
Change Component Designator: OldDesignator=D?_Segment-8 NewDesignator=D5_Segment-8
Change Component Designator: OldDesignator=D?_Segment-8 NewDesignator=D6_Segment-8
Change Component Designator: OldDesignator=D?_Segment-9 NewDesignator=D2_Segment-9
Change Component Designator: OldDesignator=D?_Segment-9 NewDesignator=D3_Segment-9
Change Component Designator: OldDesignator=D?_Segment-9 NewDesignator=D4_Segment-9
Change Component Designator: OldDesignator=D?_Segment-9 NewDesignator=D5_Segment-9
Change Component Designator: OldDesignator=D?_Segment-9 NewDesignator=D6_Segment-9
Change Component Designator: OldDesignator=D?_Segment-' NewDesignator=D2_Segment-'
Change Component Designator: OldDesignator=D?_Segment-' NewDesignator=D3_Segment-'
Change Component Designator: OldDesignator=D?_Segment-' NewDesignator=D4_Segment-'
Change Component Designator: OldDesignator=D?_Segment-' NewDesignator=D5_Segment-'
Change Component Designator: OldDesignator=D?_Segment-' NewDesignator=D6_Segment-'
Change Component Designator: OldDesignator=D?_Segment-. NewDesignator=D2_Segment-.
Change Component Designator: OldDesignator=D?_Segment-. NewDesignator=D3_Segment-.
Change Component Designator: OldDesignator=D?_Segment-. NewDesignator=D4_Segment-.
Change Component Designator: OldDesignator=D?_Segment-. NewDesignator=D5_Segment-.
Change Component Designator: OldDesignator=D?_Segment-. NewDesignator=D6_Segment-.
Change Component Designator: OldDesignator=J? NewDesignator=J1
Change Component Designator: OldDesignator=J? NewDesignator=J2
Change Component Designator: OldDesignator=J? NewDesignator=J3
Change Component Designator: OldDesignator=M? NewDesignator=M1
Change Component Designator: OldDesignator=M? NewDesignator=M2
Change Component Designator: OldDesignator=M? NewDesignator=M3
Change Component Designator: OldDesignator=M? NewDesignator=M4
Change Component Designator: OldDesignator=R? NewDesignator=R1
Change Component Designator: OldDesignator=R? NewDesignator=R2
Change Component Designator: OldDesignator=R? NewDesignator=R3
Change Component Designator: OldDesignator=SW? NewDesignator=SW1
Change Net Name : Old Net Name=NetD?_2 New Net Name=NetD1_2
Added Member To Class: ClassName=Segment-1 Member=Component C2_Segment-1 (C2) __template_cap
Added Member To Class: ClassName=Segment-0 Member=Component C3_Segment-0 (C3) __template_cap
Added Member To Class: ClassName=Segment-1 Member=Component C3_Segment-1 (C3) __template_cap
Added Member To Class: ClassName=Segment-2 Member=Component C3_Segment-2 (C3) __template_cap
Added Member To Class: ClassName=Segment-3 Member=Component C3_Segment-3 (C3) __template_cap
Added Member To Class: ClassName=Segment-4 Member=Component C3_Segment-4 (C3) __template_cap
Added Member To Class: ClassName=Segment-5 Member=Component C3_Segment-5 (C3) __template_cap
Added Member To Class: ClassName=Segment-6 Member=Component C3_Segment-6 (C3) __template_cap
Added Member To Class: ClassName=Segment-7 Member=Component C3_Segment-7 (C3) __template_cap
Added Member To Class: ClassName=Segment-8 Member=Component C3_Segment-8 (C3) __template_cap
Added Member To Class: ClassName=Segment-9 Member=Component C3_Segment-9 (C3) __template_cap
Added Member To Class: ClassName=Segment-' Member=Component C3_Segment-' (C3) __template_cap
Added Member To Class: ClassName=Segment-. Member=Component C3_Segment-. (C3) __template_cap
Added Member To Class: ClassName=Segment-0 Member=Component C4_Segment-0 (C4) __template_cap
Added Member To Class: ClassName=Segment-1 Member=Component C4_Segment-1 (C4) __template_cap
Added Member To Class: ClassName=Segment-2 Member=Component C4_Segment-2 (C4) __template_cap
Added Member To Class: ClassName=Segment-3 Member=Component C4_Segment-3 (C4) __template_cap
Added Member To Class: ClassName=Segment-4 Member=Component C4_Segment-4 (C4) __template_cap
Added Member To Class: ClassName=Segment-5 Member=Component C4_Segment-5 (C4) __template_cap
Added Member To Class: ClassName=Segment-6 Member=Component C4_Segment-6 (C4) __template_cap
Added Member To Class: ClassName=Segment-7 Member=Component C4_Segment-7 (C4) __template_cap
Added Member To Class: ClassName=Segment-8 Member=Component C4_Segment-8 (C4) __template_cap
Added Member To Class: ClassName=Segment-9 Member=Component C4_Segment-9 (C4) __template_cap
Added Member To Class: ClassName=Segment-' Member=Component C4_Segment-' (C4) __template_cap
Added Member To Class: ClassName=Segment-. Member=Component C4_Segment-. (C4) __template_cap
Added Member To Class: ClassName=Segment-0 Member=Component C5_Segment-0 (C5) __template_cap
Added Member To Class: ClassName=Segment-1 Member=Component C5_Segment-1 (C5) __template_cap
Added Member To Class: ClassName=Segment-2 Member=Component C5_Segment-2 (C5) __template_cap
Added Member To Class: ClassName=Segment-3 Member=Component C5_Segment-3 (C5) __template_cap
Added Member To Class: ClassName=Segment-4 Member=Component C5_Segment-4 (C5) __template_cap
Added Member To Class: ClassName=Segment-5 Member=Component C5_Segment-5 (C5) __template_cap
Added Member To Class: ClassName=Segment-6 Member=Component C5_Segment-6 (C5) __template_cap
Added Member To Class: ClassName=Segment-7 Member=Component C5_Segment-7 (C5) __template_cap
Added Member To Class: ClassName=Segment-8 Member=Component C5_Segment-8 (C5) __template_cap
Added Member To Class: ClassName=Segment-9 Member=Component C5_Segment-9 (C5) __template_cap
Added Member To Class: ClassName=Segment-' Member=Component C5_Segment-' (C5) __template_cap
Added Member To Class: ClassName=Segment-. Member=Component C5_Segment-. (C5) __template_cap
Added Member To Class: ClassName=Segment-0 Member=Component C6_Segment-0 (C6) __template_cap
Added Member To Class: ClassName=Segment-2 Member=Component C6_Segment-2 (C6) __template_cap
Added Member To Class: ClassName=Segment-3 Member=Component C6_Segment-3 (C6) __template_cap
Added Member To Class: ClassName=Segment-4 Member=Component C6_Segment-4 (C6) __template_cap
Added Member To Class: ClassName=Segment-5 Member=Component C6_Segment-5 (C6) __template_cap
Added Member To Class: ClassName=Segment-6 Member=Component C6_Segment-6 (C6) __template_cap
Added Member To Class: ClassName=Segment-7 Member=Component C6_Segment-7 (C6) __template_cap
Added Member To Class: ClassName=Segment-8 Member=Component C6_Segment-8 (C6) __template_cap
Added Member To Class: ClassName=Segment-9 Member=Component C6_Segment-9 (C6) __template_cap
Added Member To Class: ClassName=Segment-' Member=Component C6_Segment-' (C6) __template_cap
Added Member To Class: ClassName=Segment-. Member=Component C6_Segment-. (C6) __template_cap
Added Member To Class: ClassName=Segment-0 Member=Component D3_Segment-0 (D3) LED_WS2812B
Added Member To Class: ClassName=Segment-1 Member=Component D3_Segment-1 (D3) LED_WS2812B
Added Member To Class: ClassName=Segment-2 Member=Component D3_Segment-2 (D3) LED_WS2812B
Added Member To Class: ClassName=Segment-3 Member=Component D3_Segment-3 (D3) LED_WS2812B
Added Member To Class: ClassName=Segment-4 Member=Component D3_Segment-4 (D3) LED_WS2812B
Added Member To Class: ClassName=Segment-5 Member=Component D3_Segment-5 (D3) LED_WS2812B
Added Member To Class: ClassName=Segment-6 Member=Component D3_Segment-6 (D3) LED_WS2812B
Added Member To Class: ClassName=Segment-7 Member=Component D3_Segment-7 (D3) LED_WS2812B
Added Member To Class: ClassName=Segment-8 Member=Component D3_Segment-8 (D3) LED_WS2812B
Added Member To Class: ClassName=Segment-9 Member=Component D3_Segment-9 (D3) LED_WS2812B
Added Member To Class: ClassName=Segment-' Member=Component D3_Segment-' (D3) LED_WS2812B
Added Member To Class: ClassName=Segment-. Member=Component D3_Segment-. (D3) LED_WS2812B
Added Member To Class: ClassName=Segment-0 Member=Component D4_Segment-0 (D4) LED_WS2812B
Added Member To Class: ClassName=Segment-1 Member=Component D4_Segment-1 (D4) LED_WS2812B
Added Member To Class: ClassName=Segment-2 Member=Component D4_Segment-2 (D4) LED_WS2812B
Added Member To Class: ClassName=Segment-3 Member=Component D4_Segment-3 (D4) LED_WS2812B
Added Member To Class: ClassName=Segment-4 Member=Component D4_Segment-4 (D4) LED_WS2812B
Added Member To Class: ClassName=Segment-5 Member=Component D4_Segment-5 (D4) LED_WS2812B
Added Member To Class: ClassName=Segment-6 Member=Component D4_Segment-6 (D4) LED_WS2812B
Added Member To Class: ClassName=Segment-7 Member=Component D4_Segment-7 (D4) LED_WS2812B
Added Member To Class: ClassName=Segment-8 Member=Component D4_Segment-8 (D4) LED_WS2812B
Added Member To Class: ClassName=Segment-9 Member=Component D4_Segment-9 (D4) LED_WS2812B
Added Member To Class: ClassName=Segment-' Member=Component D4_Segment-' (D4) LED_WS2812B
Added Member To Class: ClassName=Segment-. Member=Component D4_Segment-. (D4) LED_WS2812B
Added Member To Class: ClassName=Segment-0 Member=Component D5_Segment-0 (D5) LED_WS2812B
Added Member To Class: ClassName=Segment-1 Member=Component D5_Segment-1 (D5) LED_WS2812B
Added Member To Class: ClassName=Segment-2 Member=Component D5_Segment-2 (D5) LED_WS2812B
Added Member To Class: ClassName=Segment-3 Member=Component D5_Segment-3 (D5) LED_WS2812B
Added Member To Class: ClassName=Segment-4 Member=Component D5_Segment-4 (D5) LED_WS2812B
Added Member To Class: ClassName=Segment-5 Member=Component D5_Segment-5 (D5) LED_WS2812B
Added Member To Class: ClassName=Segment-6 Member=Component D5_Segment-6 (D5) LED_WS2812B
Added Member To Class: ClassName=Segment-7 Member=Component D5_Segment-7 (D5) LED_WS2812B
Added Member To Class: ClassName=Segment-8 Member=Component D5_Segment-8 (D5) LED_WS2812B
Added Member To Class: ClassName=Segment-9 Member=Component D5_Segment-9 (D5) LED_WS2812B
Added Member To Class: ClassName=Segment-' Member=Component D5_Segment-' (D5) LED_WS2812B
Added Member To Class: ClassName=Segment-. Member=Component D5_Segment-. (D5) LED_WS2812B
Added Member To Class: ClassName=Segment-0 Member=Component D6_Segment-0 (D6) LED_WS2812B
Added Member To Class: ClassName=Segment-1 Member=Component D6_Segment-1 (D6) LED_WS2812B
Added Member To Class: ClassName=Segment-2 Member=Component D6_Segment-2 (D6) LED_WS2812B
Added Member To Class: ClassName=Segment-3 Member=Component D6_Segment-3 (D6) LED_WS2812B
Added Member To Class: ClassName=Segment-4 Member=Component D6_Segment-4 (D6) LED_WS2812B
Added Member To Class: ClassName=Segment-5 Member=Component D6_Segment-5 (D6) LED_WS2812B
Added Member To Class: ClassName=Segment-6 Member=Component D6_Segment-6 (D6) LED_WS2812B
Added Member To Class: ClassName=Segment-7 Member=Component D6_Segment-7 (D6) LED_WS2812B
Added Member To Class: ClassName=Segment-8 Member=Component D6_Segment-8 (D6) LED_WS2812B
Added Member To Class: ClassName=Segment-9 Member=Component D6_Segment-9 (D6) LED_WS2812B
Added Member To Class: ClassName=Segment-' Member=Component D6_Segment-' (D6) LED_WS2812B
Added Member To Class: ClassName=Segment-. Member=Component D6_Segment-. (D6) LED_WS2812B
Added Member To Class: ClassName=DigitSegment_Schematic Member=Component J1 CONN_1X5_MALE_POGO
Added Member To Class: ClassName=DigitSegment_Schematic Member=Component J2 CONN_1X5_FEMALE_POGO
Added Member To Class: ClassName=DigitSegment_Schematic Member=Component M1 SCREW_#2-56_5/16
Added Member To Class: ClassName=DigitSegment_Schematic Member=Component M2 SCREW_#2-56_5/16
Added Member To Class: ClassName=DigitSegment_Schematic Member=Component M4 SCREW_#2-56_5/16
Added Member To Class: ClassName=DigitSegment_Schematic Member=Component R1 __template_resistor
Added Member To Class: ClassName=DigitSegment_Schematic Member=Component R2 __template_resistor
